[2021-05-17 03:12:19,211] {taskinstance.py:669} INFO - Dependencies all met for <TaskInstance: bigquery_data_load.create_table 2021-05-16T21:00:00+00:00 [queued]>
[2021-05-17 03:12:19,222] {taskinstance.py:669} INFO - Dependencies all met for <TaskInstance: bigquery_data_load.create_table 2021-05-16T21:00:00+00:00 [queued]>
[2021-05-17 03:12:19,222] {taskinstance.py:879} INFO - 
--------------------------------------------------------------------------------
[2021-05-17 03:12:19,222] {taskinstance.py:880} INFO - Starting attempt 1 of 1
[2021-05-17 03:12:19,222] {taskinstance.py:881} INFO - 
--------------------------------------------------------------------------------
[2021-05-17 03:12:19,263] {taskinstance.py:900} INFO - Executing <Task(BigQueryOperator): create_table> on 2021-05-16T21:00:00+00:00
[2021-05-17 03:12:19,268] {standard_task_runner.py:53} INFO - Started process 38275 to run task
[2021-05-17 03:12:19,343] {logging_mixin.py:112} INFO - Running %s on host %s <TaskInstance: bigquery_data_load.create_table 2021-05-16T21:00:00+00:00 [running]> alieymsxxn
[2021-05-17 03:12:19,357] {bigquery_operator.py:252} INFO - Executing: 
    SELECT * except(rank)
    FROM (
        SELECT
            *,
            ROW_NUMBER() OVER (
                PARTITION BY vehicle_id ORDER BY DATETIME(date, TIME(hour, minute, 0))
            ) as rank
        FROM ma-airflow.analytics.history) as latest
    WHERE rank = 1;
    
[2021-05-17 03:12:26,366] {taskinstance.py:1065} INFO - Marking task as SUCCESS.dag_id=bigquery_data_load, task_id=create_table, execution_date=20210516T210000, start_date=20210516T221219, end_date=20210516T221226
[2021-05-17 03:12:29,155] {logging_mixin.py:112} INFO - [2021-05-17 03:12:29,155] {local_task_job.py:103} INFO - Task exited with return code 0
