[2021-05-17 00:43:44,521] {taskinstance.py:669} INFO - Dependencies all met for <TaskInstance: bigquery_data_load.create_table 2021-05-16T19:43:08.652023+00:00 [queued]>
[2021-05-17 00:43:44,533] {taskinstance.py:669} INFO - Dependencies all met for <TaskInstance: bigquery_data_load.create_table 2021-05-16T19:43:08.652023+00:00 [queued]>
[2021-05-17 00:43:44,533] {taskinstance.py:879} INFO - 
--------------------------------------------------------------------------------
[2021-05-17 00:43:44,533] {taskinstance.py:880} INFO - Starting attempt 1 of 1
[2021-05-17 00:43:44,533] {taskinstance.py:881} INFO - 
--------------------------------------------------------------------------------
[2021-05-17 00:43:44,569] {taskinstance.py:900} INFO - Executing <Task(BigQueryOperator): create_table> on 2021-05-16T19:43:08.652023+00:00
[2021-05-17 00:43:44,573] {standard_task_runner.py:53} INFO - Started process 29316 to run task
[2021-05-17 00:43:44,645] {logging_mixin.py:112} INFO - Running %s on host %s <TaskInstance: bigquery_data_load.create_table 2021-05-16T19:43:08.652023+00:00 [running]> alieymsxxn
[2021-05-17 00:43:44,659] {bigquery_operator.py:252} INFO - Executing: 
    SELECT * except(rank)
    FROM (
        SELECT
            *,
            ROW_NUMBER() OVER (
                PARTITION BY vehicle_id ORDER BY DATETIME(date, TIME(hour, minute, 0))
            ) as rank
        FROM ma-airflow.analytics.history) as latest
    WHERE rank = 1;
    
[2021-05-17 00:43:49,997] {logging_mixin.py:112} INFO - [2021-05-17 00:43:49,996] {bigquery_hook.py:1347} INFO - Waiting for job to complete : ma-airflow, job_YNsNrjKOcIdA8zOTTY8CeNQifvM8
[2021-05-17 00:43:55,627] {taskinstance.py:1065} INFO - Marking task as SUCCESS.dag_id=bigquery_data_load, task_id=create_table, execution_date=20210516T194308, start_date=20210516T194344, end_date=20210516T194355
[2021-05-17 00:43:59,524] {logging_mixin.py:112} INFO - [2021-05-17 00:43:59,523] {local_task_job.py:103} INFO - Task exited with return code 0
