[2021-05-16 21:00:25,969] {taskinstance.py:669} INFO - Dependencies all met for <TaskInstance: bigquery_data_load.create_table 2021-05-16T15:00:00+00:00 [queued]>
[2021-05-16 21:00:25,981] {taskinstance.py:669} INFO - Dependencies all met for <TaskInstance: bigquery_data_load.create_table 2021-05-16T15:00:00+00:00 [queued]>
[2021-05-16 21:00:25,981] {taskinstance.py:879} INFO - 
--------------------------------------------------------------------------------
[2021-05-16 21:00:25,981] {taskinstance.py:880} INFO - Starting attempt 1 of 1
[2021-05-16 21:00:25,981] {taskinstance.py:881} INFO - 
--------------------------------------------------------------------------------
[2021-05-16 21:00:26,020] {taskinstance.py:900} INFO - Executing <Task(BigQueryOperator): create_table> on 2021-05-16T15:00:00+00:00
[2021-05-16 21:00:26,023] {standard_task_runner.py:53} INFO - Started process 17644 to run task
[2021-05-16 21:00:26,133] {logging_mixin.py:112} INFO - Running %s on host %s <TaskInstance: bigquery_data_load.create_table 2021-05-16T15:00:00+00:00 [running]> alieymsxxn
[2021-05-16 21:00:26,148] {bigquery_operator.py:252} INFO - Executing: 
    SELECT * except(rank)
    FROM (
        SELECT
            *,
            ROW_NUMBER() OVER (
                PARTITION BY vehicle_id ORDER BY DATETIME(date, TIME(hour, minute, 0))
            ) as rank
        FROM ma-airflow.analytics.history) as latest
    WHERE rank = 1;
    
[2021-05-16 21:00:30,338] {logging_mixin.py:112} INFO - [2021-05-16 21:00:30,338] {bigquery_hook.py:1347} INFO - Waiting for job to complete : ma-airflow, job_KFzm6ZCJw0RcArsgWsl_i7mmLvrA
[2021-05-16 21:00:37,718] {taskinstance.py:1065} INFO - Marking task as SUCCESS.dag_id=bigquery_data_load, task_id=create_table, execution_date=20210516T150000, start_date=20210516T160025, end_date=20210516T160037
[2021-05-16 21:00:40,976] {logging_mixin.py:112} INFO - [2021-05-16 21:00:40,975] {local_task_job.py:103} INFO - Task exited with return code 0
