[2021-05-16 19:58:07,898] {taskinstance.py:669} INFO - Dependencies all met for <TaskInstance: bigquery_data_load.create_table 2021-05-16T14:57:47.887751+00:00 [queued]>
[2021-05-16 19:58:07,911] {taskinstance.py:669} INFO - Dependencies all met for <TaskInstance: bigquery_data_load.create_table 2021-05-16T14:57:47.887751+00:00 [queued]>
[2021-05-16 19:58:07,911] {taskinstance.py:879} INFO - 
--------------------------------------------------------------------------------
[2021-05-16 19:58:07,911] {taskinstance.py:880} INFO - Starting attempt 1 of 1
[2021-05-16 19:58:07,911] {taskinstance.py:881} INFO - 
--------------------------------------------------------------------------------
[2021-05-16 19:58:07,945] {taskinstance.py:900} INFO - Executing <Task(BigQueryOperator): create_table> on 2021-05-16T14:57:47.887751+00:00
[2021-05-16 19:58:07,952] {standard_task_runner.py:53} INFO - Started process 14162 to run task
[2021-05-16 19:58:08,023] {logging_mixin.py:112} INFO - Running %s on host %s <TaskInstance: bigquery_data_load.create_table 2021-05-16T14:57:47.887751+00:00 [running]> alieymsxxn
[2021-05-16 19:58:08,034] {bigquery_operator.py:252} INFO - Executing: 
    SELECT * except(rank)
    FROM (
        SELECT
            *,
            ROW_NUMBER() OVER (
                PARTITION BY vehicle_id ORDER BY DATETIME(date, TIME(hour, minute, 0))
            ) as rank
        FROM ma-airflow.analytics.history) as latest
    WHERE rank = 1;
    
[2021-05-16 19:58:12,984] {logging_mixin.py:112} INFO - [2021-05-16 19:58:12,983] {bigquery_hook.py:1347} INFO - Waiting for job to complete : ma-airflow, job_VVxr2cT53lUzAIegoazicp31VdK9
[2021-05-16 19:58:18,798] {taskinstance.py:1065} INFO - Marking task as SUCCESS.dag_id=bigquery_data_load, task_id=create_table, execution_date=20210516T145747, start_date=20210516T145807, end_date=20210516T145818
[2021-05-16 19:58:22,916] {logging_mixin.py:112} INFO - [2021-05-16 19:58:22,915] {local_task_job.py:103} INFO - Task exited with return code 0
