[2021-05-16 23:00:34,417] {taskinstance.py:669} INFO - Dependencies all met for <TaskInstance: bigquery_data_load.create_table 2021-05-16T17:00:00+00:00 [queued]>
[2021-05-16 23:00:34,427] {taskinstance.py:669} INFO - Dependencies all met for <TaskInstance: bigquery_data_load.create_table 2021-05-16T17:00:00+00:00 [queued]>
[2021-05-16 23:00:34,427] {taskinstance.py:879} INFO - 
--------------------------------------------------------------------------------
[2021-05-16 23:00:34,427] {taskinstance.py:880} INFO - Starting attempt 1 of 1
[2021-05-16 23:00:34,427] {taskinstance.py:881} INFO - 
--------------------------------------------------------------------------------
[2021-05-16 23:00:34,469] {taskinstance.py:900} INFO - Executing <Task(BigQueryOperator): create_table> on 2021-05-16T17:00:00+00:00
[2021-05-16 23:00:34,476] {standard_task_runner.py:53} INFO - Started process 24564 to run task
[2021-05-16 23:00:34,566] {logging_mixin.py:112} INFO - Running %s on host %s <TaskInstance: bigquery_data_load.create_table 2021-05-16T17:00:00+00:00 [running]> alieymsxxn
[2021-05-16 23:00:34,579] {bigquery_operator.py:252} INFO - Executing: 
    SELECT * except(rank)
    FROM (
        SELECT
            *,
            ROW_NUMBER() OVER (
                PARTITION BY vehicle_id ORDER BY DATETIME(date, TIME(hour, minute, 0))
            ) as rank
        FROM ma-airflow.analytics.history) as latest
    WHERE rank = 1;
    
[2021-05-16 23:00:41,793] {taskinstance.py:1065} INFO - Marking task as SUCCESS.dag_id=bigquery_data_load, task_id=create_table, execution_date=20210516T170000, start_date=20210516T180034, end_date=20210516T180041
[2021-05-16 23:00:44,380] {logging_mixin.py:112} INFO - [2021-05-16 23:00:44,380] {local_task_job.py:103} INFO - Task exited with return code 0
