[2021-05-17 03:08:43,151] {taskinstance.py:669} INFO - Dependencies all met for <TaskInstance: bigquery_data_load.create_table 2021-05-16T22:08:08.491591+00:00 [queued]>
[2021-05-17 03:08:43,161] {taskinstance.py:669} INFO - Dependencies all met for <TaskInstance: bigquery_data_load.create_table 2021-05-16T22:08:08.491591+00:00 [queued]>
[2021-05-17 03:08:43,161] {taskinstance.py:879} INFO - 
--------------------------------------------------------------------------------
[2021-05-17 03:08:43,161] {taskinstance.py:880} INFO - Starting attempt 1 of 1
[2021-05-17 03:08:43,162] {taskinstance.py:881} INFO - 
--------------------------------------------------------------------------------
[2021-05-17 03:08:43,231] {taskinstance.py:900} INFO - Executing <Task(BigQueryOperator): create_table> on 2021-05-16T22:08:08.491591+00:00
[2021-05-17 03:08:43,236] {standard_task_runner.py:53} INFO - Started process 38010 to run task
[2021-05-17 03:08:43,314] {logging_mixin.py:112} INFO - Running %s on host %s <TaskInstance: bigquery_data_load.create_table 2021-05-16T22:08:08.491591+00:00 [running]> alieymsxxn
[2021-05-17 03:08:43,325] {bigquery_operator.py:252} INFO - Executing: 
    SELECT * except(rank)
    FROM (
        SELECT
            *,
            ROW_NUMBER() OVER (
                PARTITION BY vehicle_id ORDER BY DATETIME(date, TIME(hour, minute, 0))
            ) as rank
        FROM ma-airflow.analytics.history) as latest
    WHERE rank = 1;
    
[2021-05-17 03:08:50,180] {logging_mixin.py:112} INFO - [2021-05-17 03:08:50,180] {bigquery_hook.py:1347} INFO - Waiting for job to complete : ma-airflow, job_seWDzVmbIViLN71_2UY20VOHCB97
[2021-05-17 03:08:57,663] {taskinstance.py:1065} INFO - Marking task as SUCCESS.dag_id=bigquery_data_load, task_id=create_table, execution_date=20210516T220808, start_date=20210516T220843, end_date=20210516T220857
[2021-05-17 03:08:58,160] {logging_mixin.py:112} INFO - [2021-05-17 03:08:58,159] {local_task_job.py:103} INFO - Task exited with return code 0
