[2021-05-17 03:00:13,577] {taskinstance.py:669} INFO - Dependencies all met for <TaskInstance: bigquery_data_load.list_files 2021-05-16T21:00:00+00:00 [queued]>
[2021-05-17 03:00:13,584] {taskinstance.py:669} INFO - Dependencies all met for <TaskInstance: bigquery_data_load.list_files 2021-05-16T21:00:00+00:00 [queued]>
[2021-05-17 03:00:13,584] {taskinstance.py:879} INFO - 
--------------------------------------------------------------------------------
[2021-05-17 03:00:13,584] {taskinstance.py:880} INFO - Starting attempt 1 of 1
[2021-05-17 03:00:13,584] {taskinstance.py:881} INFO - 
--------------------------------------------------------------------------------
[2021-05-17 03:00:13,626] {taskinstance.py:900} INFO - Executing <Task(PythonOperator): list_files> on 2021-05-16T21:00:00+00:00
[2021-05-17 03:00:13,630] {standard_task_runner.py:53} INFO - Started process 37395 to run task
[2021-05-17 03:00:13,714] {logging_mixin.py:112} INFO - Running %s on host %s <TaskInstance: bigquery_data_load.list_files 2021-05-16T21:00:00+00:00 [running]> alieymsxxn
[2021-05-17 03:00:15,486] {python_operator.py:114} INFO - Done. Returned value was: ['4649493c.csv', 'c876bd01.csv']
[2021-05-17 03:00:15,527] {taskinstance.py:1065} INFO - Marking task as SUCCESS.dag_id=bigquery_data_load, task_id=list_files, execution_date=20210516T210000, start_date=20210516T220013, end_date=20210516T220015
[2021-05-17 03:00:23,536] {logging_mixin.py:112} INFO - [2021-05-17 03:00:23,535] {local_task_job.py:103} INFO - Task exited with return code 0
[2021-05-17 03:11:24,988] {taskinstance.py:669} INFO - Dependencies all met for <TaskInstance: bigquery_data_load.list_files 2021-05-16T21:00:00+00:00 [queued]>
[2021-05-17 03:11:24,996] {taskinstance.py:669} INFO - Dependencies all met for <TaskInstance: bigquery_data_load.list_files 2021-05-16T21:00:00+00:00 [queued]>
[2021-05-17 03:11:24,996] {taskinstance.py:879} INFO - 
--------------------------------------------------------------------------------
[2021-05-17 03:11:24,996] {taskinstance.py:880} INFO - Starting attempt 1 of 1
[2021-05-17 03:11:24,996] {taskinstance.py:881} INFO - 
--------------------------------------------------------------------------------
[2021-05-17 03:11:25,034] {taskinstance.py:900} INFO - Executing <Task(PythonOperator): list_files> on 2021-05-16T21:00:00+00:00
[2021-05-17 03:11:25,040] {standard_task_runner.py:53} INFO - Started process 38208 to run task
[2021-05-17 03:11:25,120] {logging_mixin.py:112} INFO - Running %s on host %s <TaskInstance: bigquery_data_load.list_files 2021-05-16T21:00:00+00:00 [running]> alieymsxxn
[2021-05-17 03:11:27,081] {python_operator.py:114} INFO - Done. Returned value was: ['4649493c.csv', 'c876bd01.csv']
[2021-05-17 03:11:27,118] {taskinstance.py:1065} INFO - Marking task as SUCCESS.dag_id=bigquery_data_load, task_id=list_files, execution_date=20210516T210000, start_date=20210516T221124, end_date=20210516T221127
[2021-05-17 03:11:34,959] {logging_mixin.py:112} INFO - [2021-05-17 03:11:34,958] {local_task_job.py:103} INFO - Task exited with return code 0
