[2021-05-16 22:00:18,722] {taskinstance.py:669} INFO - Dependencies all met for <TaskInstance: bigquery_data_load.create_table 2021-05-16T16:00:00+00:00 [queued]>
[2021-05-16 22:00:18,732] {taskinstance.py:669} INFO - Dependencies all met for <TaskInstance: bigquery_data_load.create_table 2021-05-16T16:00:00+00:00 [queued]>
[2021-05-16 22:00:18,732] {taskinstance.py:879} INFO - 
--------------------------------------------------------------------------------
[2021-05-16 22:00:18,732] {taskinstance.py:880} INFO - Starting attempt 1 of 1
[2021-05-16 22:00:18,732] {taskinstance.py:881} INFO - 
--------------------------------------------------------------------------------
[2021-05-16 22:00:18,772] {taskinstance.py:900} INFO - Executing <Task(BigQueryOperator): create_table> on 2021-05-16T16:00:00+00:00
[2021-05-16 22:00:18,778] {standard_task_runner.py:53} INFO - Started process 20310 to run task
[2021-05-16 22:00:18,854] {logging_mixin.py:112} INFO - Running %s on host %s <TaskInstance: bigquery_data_load.create_table 2021-05-16T16:00:00+00:00 [running]> alieymsxxn
[2021-05-16 22:00:18,867] {bigquery_operator.py:252} INFO - Executing: 
    SELECT * except(rank)
    FROM (
        SELECT
            *,
            ROW_NUMBER() OVER (
                PARTITION BY vehicle_id ORDER BY DATETIME(date, TIME(hour, minute, 0))
            ) as rank
        FROM ma-airflow.analytics.history) as latest
    WHERE rank = 1;
    
[2021-05-16 22:00:25,583] {logging_mixin.py:112} INFO - [2021-05-16 22:00:25,582] {bigquery_hook.py:1347} INFO - Waiting for job to complete : ma-airflow, job_UMkoAcn8HKwlztw14vZOAbgpsHCz
[2021-05-16 22:00:31,495] {taskinstance.py:1065} INFO - Marking task as SUCCESS.dag_id=bigquery_data_load, task_id=create_table, execution_date=20210516T160000, start_date=20210516T170018, end_date=20210516T170031
[2021-05-16 22:00:33,734] {logging_mixin.py:112} INFO - [2021-05-16 22:00:33,734] {local_task_job.py:103} INFO - Task exited with return code 0
